25.06.22
14:53:09
WLAN-Gerät hat sich neu angemeldet (5 GHz), 866 Mbit/s, Pixel3a, IP 192.168.178.28, MAC XX:XX:XX:XX:XX:XX.
25.06.22
12:50:13
WLAN-Gerät hat sich neu angemeldet (2,4 GHz), 144 Mbit/s, Pixel3a, IP 192.168.178.28, MAC XX:XX:XX:XX:XX:XX.
25.06.22
12:46:57
WLAN-Gerät hat sich neu angemeldet (5 GHz), 866 Mbit/s, Pixel3a, IP 192.168.178.28, MAC XX:XX:XX:XX:XX:XX.
25.06.22
12:46:53
WLAN-Autokanal: Die Kanaleinstellungen (vorher Kanal 6 (2,4 GHz)) wurden geändert, aktiv auf Kanal 11 (2,4 GHz).
25.06.22
12:46:51
WLAN-Autokanal: Aktuelle Erfassung der WLAN-Umgebung (2,4 GHz) zur Optimierung der genutzten WLAN Kanäle läuft, WLAN-Geräte werden daher unter Umständen neu angemeldet.
25.06.22
06:46:43
WLAN-Autokanal: Die Kanaleinstellungen wurden nicht geändert, weiter aktiv auf Kanal 6 (2,4 GHz).
25.06.22
06:46:41
WLAN-Autokanal: Aktuelle Erfassung der WLAN-Umgebung (2,4 GHz) zur Optimierung der genutzten WLAN Kanäle läuft, WLAN-Geräte werden daher unter Umständen neu angemeldet.
25.06.22
06:39:49
WLAN-Gerät wird abgemeldet (2,4 GHz): WLAN-Gerät antwortet nicht, Galaxy-A12, IP 192.168.178.26, MAC XX:XX:XX:XX:XX:XX. (#0104).
25.06.22
06:39:23
WLAN-Gerät wird abgemeldet (2,4 GHz): WLAN-Gerät antwortet nicht, Galaxy-A52, IP 192.168.178.30, MAC XX:XX:XX:XX:XX:XX. (#0104).
25.06.22
06:37:55
WLAN-Gerät hat sich neu angemeldet (2,4 GHz), 72 Mbit/s, Galaxy-A52, IP 192.168.178.30, MAC XX:XX:XX:XX:XX:XX.
25.06.22
05:53:07
WLAN-Gerät angemeldet (2,4 GHz), 72 Mbit/s, Galaxy-A12, IP 192.168.178.26, MAC XX:XX:XX:XX:XX:XX.
25.06.22
00:45:47
WLAN-Autokanal: Die Kanaleinstellungen wurden nicht geändert, weiter aktiv auf Kanal 6 (2,4 GHz).
25.06.22
00:45:45
WLAN-Autokanal: Aktuelle Erfassung der WLAN-Umgebung (2,4 GHz) zur Optimierung der genutzten WLAN Kanäle läuft, WLAN-Geräte werden daher unter Umständen neu angemeldet.
24.06.22
21:43:45
WLAN-Gerät hat sich abgemeldet (2,4 GHz), Galaxy-A12, IP 192.168.178.26, MAC XX:XX:XX:XX:XX:XX.
24.06.22
19:30:05
WLAN-Gerät angemeldet (2,4 GHz), 144 Mbit/s, Pixel3a, IP 192.168.178.28, MAC XX:XX:XX:XX:XX:XX.
24.06.22
19:25:09
WLAN-Gerät hat sich neu angemeldet (2,4 GHz), 144 Mbit/s, Pixel3a, IP 192.168.178.28, MAC XX:XX:XX:XX:XX:XX.
24.06.22
18:45:45
WLAN-Autokanal: Die Kanaleinstellungen wurden nicht geändert, weiter aktiv auf Kanal 6 (2,4 GHz).
24.06.22
18:45:41
WLAN-Autokanal: Aktuelle Erfassung der WLAN-Umgebung (2,4 GHz) zur Optimierung der genutzten WLAN Kanäle läuft, WLAN-Geräte werden daher unter Umständen neu angemeldet.
24.06.22
18:31:27
WLAN-Gerät angemeldet (2,4 GHz), 72 Mbit/s, Galaxy-A12, IP 192.168.178.26, MAC XX:XX:XX:XX:XX:XX.
24.06.22
18:28:53
WLAN-Gerät angemeldet (5 GHz), 433 Mbit/s, Galaxy-A52, IP 192.168.178.30, MAC XX:XX:XX:XX:XX:XX.
24.06.22
17:38:19
WLAN-Autokanal: Die Kanaleinstellungen wurden nicht geändert, weiter aktiv auf Kanal 6 (2,4 GHz).
24.06.22
17:38:17
WLAN-Autokanal: Aktuelle Erfassung der WLAN-Umgebung (2,4 GHz) zur Optimierung der genutzten WLAN Kanäle läuft, WLAN-Geräte werden daher unter Umständen neu angemeldet.
24.06.22
16:38:19
WLAN-Autokanal: Die Kanaleinstellungen (vorher Kanal 11 (2,4 GHz)) wurden geändert, aktiv auf Kanal 6 (2,4 GHz).
24.06.22
16:38:17
WLAN-Autokanal: Aktuelle Erfassung der WLAN-Umgebung (2,4 GHz) zur Optimierung der genutzten WLAN Kanäle läuft, WLAN-Geräte werden daher unter Umständen neu angemeldet.
24.06.22
15:38:19
WLAN-Autokanal: Die Kanaleinstellungen (vorher Kanal 6 (2,4 GHz)) wurden geändert, aktiv auf Kanal 11 (2,4 GHz).
24.06.22
15:38:17
WLAN-Autokanal: Aktuelle Erfassung der WLAN-Umgebung (2,4 GHz) zur Optimierung der genutzten WLAN Kanäle läuft, WLAN-Geräte werden daher unter Umständen neu angemeldet.
24.06.22
14:38:19
WLAN-Autokanal: Die Kanaleinstellungen (vorher Kanal 11 (2,4 GHz)) wurden geändert, aktiv auf Kanal 6 (2,4 GHz).
24.06.22
14:38:17
WLAN-Autokanal: Aktuelle Erfassung der WLAN-Umgebung (2,4 GHz) zur Optimierung der genutzten WLAN Kanäle läuft, WLAN-Geräte werden daher unter Umständen neu angemeldet.
24.06.22
13:38:19
WLAN-Autokanal: Die Kanaleinstellungen (vorher Kanal 6 (2,4 GHz)) wurden geändert, aktiv auf Kanal 11 (2,4 GHz).
24.06.22
13:38:17
WLAN-Autokanal: Aktuelle Erfassung der WLAN-Umgebung (2,4 GHz) zur Optimierung der genutzten WLAN Kanäle läuft, WLAN-Geräte werden daher unter Umständen neu angemeldet.
24.06.22
12:38:19
WLAN-Autokanal: Die Kanaleinstellungen wurden nicht geändert, weiter aktiv auf Kanal 6 (2,4 GHz).
24.06.22
12:38:17
WLAN-Autokanal: Aktuelle Erfassung der WLAN-Umgebung (2,4 GHz) zur Optimierung der genutzten WLAN Kanäle läuft, WLAN-Geräte werden daher unter Umständen neu angemeldet.
24.06.22
12:33:15
WLAN-Gerät hat sich neu angemeldet (5 GHz), 866 Mbit/s, Pixel3a, IP 192.168.178.28, MAC XX:XX:XX:XX:XX:XX.
24.06.22
12:33:13
WLAN-Autokanal: Die Kanaleinstellungen (vorher Kanal 1 (2,4 GHz)) wurden geändert, aktiv auf Kanal 6 (2,4 GHz).
24.06.22
12:33:11
WLAN-Autokanal: Aktuelle Erfassung der WLAN-Umgebung (2,4 GHz) zur Optimierung der genutzten WLAN Kanäle läuft, WLAN-Geräte werden daher unter Umständen neu angemeldet.
24.06.22
12:19:15
WLAN-Gerät hat sich neu angemeldet (2,4 GHz), 144 Mbit/s, Pixel3a, IP 192.168.178.28, MAC XX:XX:XX:XX:XX:XX.
24.06.22
12:18:55
WLAN-Gerät hat sich neu angemeldet (5 GHz), 866 Mbit/s, Pixel3a, IP 192.168.178.28, MAC XX:XX:XX:XX:XX:XX.
24.06.22
12:17:11
WLAN-Gerät hat sich neu angemeldet (2,4 GHz), 144 Mbit/s, Pixel3a, IP 192.168.178.28, MAC XX:XX:XX:XX:XX:XX.
24.06.22
12:15:59
WLAN-Gerät angemeldet (5 GHz), 866 Mbit/s, Pixel3a, IP 192.168.178.28, MAC XX:XX:XX:XX:XX:XX.
24.06.22
12:13:31
WLAN-Autokanal: Die Kanaleinstellungen wurden nicht geändert, weiter aktiv auf Kanal 1 (2,4 GHz).
24.06.22
12:13:29
WLAN-Autokanal: Aktuelle Erfassung der WLAN-Umgebung (2,4 GHz) zur Optimierung der genutzten WLAN Kanäle läuft, WLAN-Geräte werden daher unter Umständen neu angemeldet.
24.06.22
12:08:29
WLAN-Gerät wird abgemeldet (2,4 GHz): WLAN-Gerät antwortet nicht, Pixel3a, IP 192.168.178.28, MAC XX:XX:XX:XX:XX:XX. (#0104).
24.06.22
09:27:55
WLAN-Autokanal: Die Kanaleinstellungen wurden nicht geändert, weiter aktiv auf Kanal 1 (2,4 GHz).
24.06.22
09:27:53
WLAN-Autokanal: Aktuelle Erfassung der WLAN-Umgebung (2,4 GHz) zur Optimierung der genutzten WLAN Kanäle läuft, WLAN-Geräte werden daher unter Umständen neu angemeldet.
24.06.22
09:14:09
WLAN-Gerät hat sich neu angemeldet (2,4 GHz), 144 Mbit/s, Pixel3a, IP 192.168.178.28, MAC XX:XX:XX:XX:XX:XX.
24.06.22
09:14:05
WLAN-Gerät angemeldet (5 GHz), 866 Mbit/s, Pixel3a, IP 192.168.178.28, MAC XX:XX:XX:XX:XX:XX.
24.06.22
09:14:03
WLAN-Gerät wurde umgemeldet (Band-Steering): Automatischer WLAN-Bandwechsel zur verbesserten Datenübertragung, Pixel3a, IP 192.168.178.28, MAC XX:XX:XX:XX:XX:XX.
24.06.22
09:14:03
WLAN-Anmeldung ist gescheitert (2,4 GHz): Authentifizierungsfehler. MAC-Adresse: XX:XX:XX:XX:XX:XX.
24.06.22
09:14:01
WLAN-Gerät wurde abgemeldet (2,4 GHz), Pixel3a, IP 192.168.178.28, MAC XX:XX:XX:XX:XX:XX.
24.06.22
09:02:37
WLAN-Gerät hat sich neu angemeldet (2,4 GHz), 144 Mbit/s, Pixel3a, IP 192.168.178.28, MAC XX:XX:XX:XX:XX:XX.
24.06.22
08:15:03
WLAN-Autokanal: Die Kanaleinstellungen (vorher Kanal 6 (2,4 GHz)) wurden geändert, aktiv auf Kanal 1 (2,4 GHz).
24.06.22
08:14:59
WLAN-Autokanal: Aktuelle Erfassung der WLAN-Umgebung (2,4 GHz) zur Optimierung der genutzten WLAN Kanäle läuft, WLAN-Geräte werden daher unter Umständen neu angemeldet.
24.06.22
07:15:01
WLAN-Autokanal: Die Kanaleinstellungen wurden nicht geändert, weiter aktiv auf Kanal 6 (2,4 GHz).
24.06.22
07:14:59
WLAN-Autokanal: Aktuelle Erfassung der WLAN-Umgebung (2,4 GHz) zur Optimierung der genutzten WLAN Kanäle läuft, WLAN-Geräte werden daher unter Umständen neu angemeldet.
24.06.22
06:15:01
WLAN-Autokanal: Die Kanaleinstellungen wurden nicht geändert, weiter aktiv auf Kanal 6 (2,4 GHz).
24.06.22
06:14:59
WLAN-Autokanal: Aktuelle Erfassung der WLAN-Umgebung (2,4 GHz) zur Optimierung der genutzten WLAN Kanäle läuft, WLAN-Geräte werden daher unter Umständen neu angemeldet.
24.06.22
06:09:59
WLAN-Gerät wird abgemeldet (2,4 GHz): WLAN-Gerät antwortet nicht, Galaxy-A12, IP 192.168.178.26, MAC XX:XX:XX:XX:XX:XX. (#0104).
24.06.22
06:09:59
WLAN-Gerät wird abgemeldet (2,4 GHz): WLAN-Gerät antwortet nicht, Galaxy-A52, IP 192.168.178.30, MAC XX:XX:XX:XX:XX:XX. (#0104).
24.06.22
06:08:31
WLAN-Gerät hat sich neu angemeldet (2,4 GHz), 72 Mbit/s, Galaxy-A52, IP 192.168.178.30, MAC XX:XX:XX:XX:XX:XX.
24.06.22
05:19:11
WLAN-Autokanal: Die Kanaleinstellungen wurden nicht geändert, weiter aktiv auf Kanal 6 (2,4 GHz).
24.06.22
05:19:09
WLAN-Autokanal: Aktuelle Erfassung der WLAN-Umgebung (2,4 GHz) zur Optimierung der genutzten WLAN Kanäle läuft, WLAN-Geräte werden daher unter Umständen neu angemeldet.
24.06.22
05:06:37
WLAN-Gerät angemeldet (2,4 GHz), 72 Mbit/s, Galaxy-A12, IP 192.168.178.26, MAC XX:XX:XX:XX:XX:XX.
24.06.22
04:29:47
WLAN-Autokanal: Die Kanaleinstellungen (vorher Kanal 11 (2,4 GHz)) wurden geändert, aktiv auf Kanal 6 (2,4 GHz).
24.06.22
04:29:45
WLAN-Autokanal: Aktuelle Erfassung der WLAN-Umgebung (2,4 GHz) zur Optimierung der genutzten WLAN Kanäle läuft, WLAN-Geräte werden daher unter Umständen neu angemeldet.
24.06.22
04:24:45
WLAN-Gerät hat sich neu angemeldet (5 GHz), 866 Mbit/s, Pixel3a, IP 192.168.178.28, MAC XX:XX:XX:XX:XX:XX.
24.06.22
01:53:23
WLAN-Gerät hat sich neu angemeldet (2,4 GHz), 144 Mbit/s, Pixel3a, IP 192.168.178.28, MAC XX:XX:XX:XX:XX:XX.
24.06.22
01:48:55
WLAN-Autokanal: Die Kanaleinstellungen (vorher Kanal 6 (2,4 GHz)) wurden geändert, aktiv auf Kanal 11 (2,4 GHz).
24.06.22
01:48:54
WLAN-Autokanal: Aktuelle Erfassung der WLAN-Umgebung (2,4 GHz) zur Optimierung der genutzten WLAN Kanäle läuft, WLAN-Geräte werden daher unter Umständen neu angemeldet.
24.06.22
01:43:53
WLAN-Gerät hat sich neu angemeldet (5 GHz), 866 Mbit/s, Pixel3a, IP 192.168.178.28, MAC XX:XX:XX:XX:XX:XX.
24.06.22
01:43:49
WLAN-Autokanal: Die Kanaleinstellungen (vorher Kanal 1 (2,4 GHz)) wurden geändert, aktiv auf Kanal 6 (2,4 GHz).
24.06.22
01:43:47
WLAN-Autokanal: Aktuelle Erfassung der WLAN-Umgebung (2,4 GHz) zur Optimierung der genutzten WLAN Kanäle läuft, WLAN-Geräte werden daher unter Umständen neu angemeldet.
24.06.22
01:30:01
WLAN-Gerät angemeldet (2,4 GHz), 144 Mbit/s, Pixel3a, IP 192.168.178.28, MAC XX:XX:XX:XX:XX:XX.
24.06.22
01:28:59
WLAN-Gerät wird abgemeldet (2,4 GHz): WLAN-Gerät antwortet nicht, Pixel3a, IP 192.168.178.28, MAC XX:XX:XX:XX:XX:XX. (#0104).
23.06.22
22:25:13
WLAN-Gerät hat sich abgemeldet (2,4 GHz), Galaxy-A12, IP 192.168.178.26, MAC XX:XX:XX:XX:XX:XX.
23.06.22
22:18:35
WLAN-Gerät hat sich neu angemeldet (2,4 GHz), 144 Mbit/s, Pixel3a, IP 192.168.178.28, MAC XX:XX:XX:XX:XX:XX.
23.06.22
19:52:49
WLAN-Autokanal: Die Kanaleinstellungen wurden nicht geändert, weiter aktiv auf Kanal 1 (2,4 GHz).
23.06.22
19:52:47
WLAN-Autokanal: Aktuelle Erfassung der WLAN-Umgebung (2,4 GHz) zur Optimierung der genutzten WLAN Kanäle läuft, WLAN-Geräte werden daher unter Umständen neu angemeldet.
23.06.22
15:25:09
WLAN-Gerät angemeldet (5 GHz), 866 Mbit/s, Pixel3a, IP 192.168.178.28, MAC XX:XX:XX:XX:XX:XX.
23.06.22
15:00:47
WLAN-Gerät wird abgemeldet (2,4 GHz): WLAN-Gerät antwortet nicht, Pixel3a, IP 192.168.178.28, MAC XX:XX:XX:XX:XX:XX. (#0104).
23.06.22
14:25:21
WLAN-Gerät angemeldet (2,4 GHz), 144 Mbit/s, Pixel3a, IP 192.168.178.28, MAC XX:XX:XX:XX:XX:XX.
23.06.22
14:24:47
WLAN-Gerät wird abgemeldet (2,4 GHz): WLAN-Gerät antwortet nicht, Pixel3a, IP 192.168.178.28, MAC XX:XX:XX:XX:XX:XX. (#0104).
23.06.22
13:52:39
WLAN-Autokanal: Die Kanaleinstellungen wurden nicht geändert, weiter aktiv auf Kanal 1 (2,4 GHz).
23.06.22
13:52:37
WLAN-Autokanal: Aktuelle Erfassung der WLAN-Umgebung (2,4 GHz) zur Optimierung der genutzten WLAN Kanäle läuft, WLAN-Geräte werden daher unter Umständen neu angemeldet.
23.06.22
13:18:45
WLAN-Gerät hat sich neu angemeldet (2,4 GHz), 144 Mbit/s, Pixel3a, IP 192.168.178.28, MAC XX:XX:XX:XX:XX:XX.
23.06.22
13:16:09
WLAN-Gerät hat sich neu angemeldet (5 GHz), 866 Mbit/s, Pixel3a, IP 192.168.178.28, MAC XX:XX:XX:XX:XX:XX.
23.06.22
13:08:51
WLAN-Gerät hat sich neu angemeldet (2,4 GHz), 144 Mbit/s, Pixel3a, IP 192.168.178.28, MAC XX:XX:XX:XX:XX:XX.
23.06.22
12:56:35
WLAN-Gerät hat sich neu angemeldet (5 GHz), 866 Mbit/s, Pixel3a, IP 192.168.178.28, MAC XX:XX:XX:XX:XX:XX.
23.06.22
12:51:03
WLAN-Gerät hat sich neu angemeldet (2,4 GHz), 144 Mbit/s, Pixel3a, IP 192.168.178.28, MAC XX:XX:XX:XX:XX:XX.
23.06.22
12:50:35
WLAN-Gerät hat sich neu angemeldet (5 GHz), 866 Mbit/s, Pixel3a, IP 192.168.178.28, MAC XX:XX:XX:XX:XX:XX.
23.06.22
12:48:15
WLAN-Gerät hat sich neu angemeldet (2,4 GHz), 144 Mbit/s, Pixel3a, IP 192.168.178.28, MAC XX:XX:XX:XX:XX:XX.
23.06.22
12:44:53
WLAN-Gerät hat sich neu angemeldet (5 GHz), 866 Mbit/s, Pixel3a, IP 192.168.178.28, MAC XX:XX:XX:XX:XX:XX.
23.06.22
12:37:59
WLAN-Gerät hat sich neu angemeldet (2,4 GHz), 144 Mbit/s, Pixel3a, IP 192.168.178.28, MAC XX:XX:XX:XX:XX:XX.
23.06.22
12:17:35
WLAN-Gerät hat sich neu angemeldet (5 GHz), 866 Mbit/s, Pixel3a, IP 192.168.178.28, MAC XX:XX:XX:XX:XX:XX.
23.06.22
12:13:59
WLAN-Gerät hat sich neu angemeldet (2,4 GHz), 144 Mbit/s, Pixel3a, IP 192.168.178.28, MAC XX:XX:XX:XX:XX:XX.
23.06.22
12:12:35
WLAN-Gerät hat sich neu angemeldet (5 GHz), 866 Mbit/s, Pixel3a, IP 192.168.178.28, MAC XX:XX:XX:XX:XX:XX.
23.06.22
12:12:19
WLAN-Gerät hat sich neu angemeldet (2,4 GHz), 144 Mbit/s, Pixel3a, IP 192.168.178.28, MAC XX:XX:XX:XX:XX:XX.
23.06.22
12:09:21
WLAN-Gerät hat sich neu angemeldet (5 GHz), 866 Mbit/s, Pixel3a, IP 192.168.178.28, MAC XX:XX:XX:XX:XX:XX.
23.06.22
12:08:29
WLAN-Gerät hat sich neu angemeldet (2,4 GHz), 144 Mbit/s, Pixel3a, IP 192.168.178.28, MAC XX:XX:XX:XX:XX:XX.
23.06.22
12:06:29
WLAN-Gerät hat sich neu angemeldet (5 GHz), 866 Mbit/s, Pixel3a, IP 192.168.178.28, MAC XX:XX:XX:XX:XX:XX.
23.06.22
11:53:41
WLAN-Gerät hat sich neu angemeldet (2,4 GHz), 144 Mbit/s, Pixel3a, IP 192.168.178.28, MAC XX:XX:XX:XX:XX:XX.
23.06.22
11:52:59
WLAN-Gerät hat sich neu angemeldet (5 GHz), 866 Mbit/s, Pixel3a, IP 192.168.178.28, MAC XX:XX:XX:XX:XX:XX.
23.06.22
11:51:05
WLAN-Gerät hat sich neu angemeldet (2,4 GHz), 144 Mbit/s, Pixel3a, IP 192.168.178.28, MAC XX:XX:XX:XX:XX:XX.
23.06.22
11:28:57
WLAN-Gerät hat sich neu angemeldet (5 GHz), 866 Mbit/s, Pixel3a, IP 192.168.178.28, MAC XX:XX:XX:XX:XX:XX.
23.06.22
11:09:33
WLAN-Gerät hat sich neu angemeldet (2,4 GHz), 144 Mbit/s, Pixel3a, IP 192.168.178.28, MAC XX:XX:XX:XX:XX:XX.
23.06.22
11:03:33
WLAN-Gerät hat sich neu angemeldet (5 GHz), 866 Mbit/s, Pixel3a, IP 192.168.178.28, MAC XX:XX:XX:XX:XX:XX.
23.06.22
10:58:03
WLAN-Gerät hat sich neu angemeldet (2,4 GHz), 144 Mbit/s, Pixel3a, IP 192.168.178.28, MAC XX:XX:XX:XX:XX:XX.
23.06.22
10:57:31
WLAN-Gerät hat sich neu angemeldet (5 GHz), 866 Mbit/s, Pixel3a, IP 192.168.178.28, MAC XX:XX:XX:XX:XX:XX.
23.06.22
10:56:35
WLAN-Gerät hat sich neu angemeldet (2,4 GHz), 144 Mbit/s, Pixel3a, IP 192.168.178.28, MAC XX:XX:XX:XX:XX:XX.
23.06.22
10:53:33
WLAN-Gerät hat sich neu angemeldet (5 GHz), 866 Mbit/s, Pixel3a, IP 192.168.178.28, MAC XX:XX:XX:XX:XX:XX.
23.06.22
10:46:43
WLAN-Gerät hat sich neu angemeldet (2,4 GHz), 144 Mbit/s, Pixel3a, IP 192.168.178.28, MAC XX:XX:XX:XX:XX:XX.
23.06.22
10:43:29
WLAN-Gerät hat sich neu angemeldet (5 GHz), 866 Mbit/s, Pixel3a, IP 192.168.178.28, MAC XX:XX:XX:XX:XX:XX.
23.06.22
10:40:05
WLAN-Gerät hat sich neu angemeldet (2,4 GHz), 144 Mbit/s, Pixel3a, IP 192.168.178.28, MAC XX:XX:XX:XX:XX:XX.
23.06.22
10:29:13
WLAN-Gerät hat sich neu angemeldet (5 GHz), 866 Mbit/s, Pixel3a, IP 192.168.178.28, MAC XX:XX:XX:XX:XX:XX.
23.06.22
10:25:37
WLAN-Gerät hat sich neu angemeldet (2,4 GHz), 144 Mbit/s, Pixel3a, IP 192.168.178.28, MAC XX:XX:XX:XX:XX:XX.
23.06.22
09:55:53
WLAN-Gerät hat sich neu angemeldet (5 GHz), 866 Mbit/s, Pixel3a, IP 192.168.178.28, MAC XX:XX:XX:XX:XX:XX.
23.06.22
09:48:27
WLAN-Gerät hat sich neu angemeldet (2,4 GHz), 144 Mbit/s, Pixel3a, IP 192.168.178.28, MAC XX:XX:XX:XX:XX:XX.
23.06.22
09:46:57
WLAN-Gerät hat sich neu angemeldet (5 GHz), 866 Mbit/s, Pixel3a, IP 192.168.178.28, MAC XX:XX:XX:XX:XX:XX.
23.06.22
09:46:27
WLAN-Gerät hat sich neu angemeldet (2,4 GHz), 144 Mbit/s, Pixel3a, IP 192.168.178.28, MAC XX:XX:XX:XX:XX:XX.
23.06.22
09:44:05
WLAN-Gerät hat sich neu angemeldet (5 GHz), 866 Mbit/s, Pixel3a, IP 192.168.178.28, MAC XX:XX:XX:XX:XX:XX.
23.06.22
09:43:25
WLAN-Gerät hat sich neu angemeldet (2,4 GHz), 144 Mbit/s, Pixel3a, IP 192.168.178.28, MAC XX:XX:XX:XX:XX:XX.
23.06.22
09:40:57
WLAN-Gerät hat sich neu angemeldet (5 GHz), 866 Mbit/s, Pixel3a, IP 192.168.178.28, MAC XX:XX:XX:XX:XX:XX.
23.06.22
09:40:23
WLAN-Gerät hat sich neu angemeldet (2,4 GHz), 144 Mbit/s, Pixel3a, IP 192.168.178.28, MAC XX:XX:XX:XX:XX:XX.
23.06.22
08:27:37
WLAN-Gerät hat sich neu angemeldet (5 GHz), 866 Mbit/s, Pixel3a, IP 192.168.178.28, MAC XX:XX:XX:XX:XX:XX.
23.06.22
07:41:05
WLAN-Autokanal: Die Kanaleinstellungen wurden nicht geändert, weiter aktiv auf Kanal 1 (2,4 GHz).
23.06.22
07:41:03
WLAN-Autokanal: Aktuelle Erfassung der WLAN-Umgebung (2,4 GHz) zur Optimierung der genutzten WLAN Kanäle läuft, WLAN-Geräte werden daher unter Umständen neu angemeldet.
23.06.22
07:15:13
WLAN-Gerät angemeldet (2,4 GHz), 72 Mbit/s, Galaxy-A12, IP 192.168.178.26, MAC XX:XX:XX:XX:XX:XX.
23.06.22
01:19:23
WLAN-Autokanal: Die Kanaleinstellungen wurden nicht geändert, weiter aktiv auf Kanal 1 (2,4 GHz).
23.06.22
01:19:21
WLAN-Autokanal: Aktuelle Erfassung der WLAN-Umgebung (2,4 GHz) zur Optimierung der genutzten WLAN Kanäle läuft, WLAN-Geräte werden daher unter Umständen neu angemeldet.
23.06.22
01:04:09
WLAN-Gerät hat sich abgemeldet (2,4 GHz), Galaxy-A12, IP 192.168.178.26, MAC XX:XX:XX:XX:XX:XX.
23.06.22
01:02:09
WLAN-Gerät angemeldet (2,4 GHz), 72 Mbit/s, Galaxy-A12, IP 192.168.178.26, MAC XX:XX:XX:XX:XX:XX.
23.06.22
01:02:03
WLAN-Gerät hat sich abgemeldet (2,4 GHz), Galaxy-A12, IP 192.168.178.26, MAC XX:XX:XX:XX:XX:XX.
23.06.22
00:55:53
WLAN-Gerät angemeldet (2,4 GHz), 72 Mbit/s, Galaxy-A12, IP 192.168.178.26, MAC XX:XX:XX:XX:XX:XX.
23.06.22
00:53:25
WLAN-Gerät hat sich abgemeldet (2,4 GHz), Galaxy-A12, IP 192.168.178.26, MAC XX:XX:XX:XX:XX:XX.
23.06.22
00:46:29
WLAN-Gerät hat sich neu angemeldet (2,4 GHz), 144 Mbit/s, Pixel3a, IP 192.168.178.28, MAC XX:XX:XX:XX:XX:XX.
23.06.22
00:29:17
WLAN-Gerät hat sich neu angemeldet (5 GHz), 866 Mbit/s, Pixel3a, IP 192.168.178.28, MAC XX:XX:XX:XX:XX:XX.
23.06.22
00:26:01
WLAN-Gerät hat sich neu angemeldet (2,4 GHz), 144 Mbit/s, Pixel3a, IP 192.168.178.28, MAC XX:XX:XX:XX:XX:XX.
23.06.22
00:25:33
WLAN-Gerät hat sich neu angemeldet (5 GHz), 866 Mbit/s, Pixel3a, IP 192.168.178.28, MAC XX:XX:XX:XX:XX:XX.
22.06.22
23:38:03
WLAN-Gerät angemeldet (2,4 GHz), 144 Mbit/s, Pixel3a, IP 192.168.178.28, MAC XX:XX:XX:XX:XX:XX.
22.06.22
23:36:11
WLAN-Gerät hat sich neu angemeldet (2,4 GHz), 144 Mbit/s, Pixel3a, IP 192.168.178.28, MAC XX:XX:XX:XX:XX:XX.
22.06.22
23:30:49
WLAN-Gerät hat sich neu angemeldet (5 GHz), 866 Mbit/s, Pixel3a, IP 192.168.178.28, MAC XX:XX:XX:XX:XX:XX.
22.06.22
20:39:47
WLAN-Gerät angemeldet (2,4 GHz), 72 Mbit/s, Galaxy-A12, IP 192.168.178.26, MAC XX:XX:XX:XX:XX:XX.
22.06.22
20:37:07
WLAN-Gerät angemeldet (5 GHz), 433 Mbit/s, Galaxy-A52, IP 192.168.178.30, MAC XX:XX:XX:XX:XX:XX.
22.06.22
19:12:01
WLAN-Gerät hat sich neu angemeldet (2,4 GHz), 144 Mbit/s, Pixel3a, IP 192.168.178.28, MAC XX:XX:XX:XX:XX:XX.
22.06.22
19:10:49
WLAN-Autokanal: Die Kanaleinstellungen wurden nicht geändert, weiter aktiv auf Kanal 1 (2,4 GHz).
22.06.22
19:10:47
WLAN-Autokanal: Aktuelle Erfassung der WLAN-Umgebung (2,4 GHz) zur Optimierung der genutzten WLAN Kanäle läuft, WLAN-Geräte werden daher unter Umständen neu angemeldet.
22.06.22
19:05:47
WLAN-Gerät hat sich neu angemeldet (5 GHz), 866 Mbit/s, Pixel3a, IP 192.168.178.28, MAC XX:XX:XX:XX:XX:XX.
22.06.22
19:05:43
WLAN-Autokanal: Die Kanaleinstellungen (vorher Kanal 6 (2,4 GHz)) wurden geändert, aktiv auf Kanal 1 (2,4 GHz).
22.06.22
19:05:41
WLAN-Autokanal: Aktuelle Erfassung der WLAN-Umgebung (2,4 GHz) zur Optimierung der genutzten WLAN Kanäle läuft, WLAN-Geräte werden daher unter Umständen neu angemeldet.
22.06.22
18:52:35
WLAN-Gerät hat sich neu angemeldet (2,4 GHz), 144 Mbit/s, Pixel3a, IP 192.168.178.28, MAC XX:XX:XX:XX:XX:XX.
22.06.22
18:50:07
WLAN-Gerät angemeldet (5 GHz), 866 Mbit/s, Pixel3a, IP 192.168.178.28, MAC XX:XX:XX:XX:XX:XX.
22.06.22
18:26:11
WLAN-Autokanal: Die Kanaleinstellungen (vorher Kanal 1 (2,4 GHz)) wurden geändert, aktiv auf Kanal 6 (2,4 GHz).
22.06.22
18:26:07
WLAN-Autokanal: Aktuelle Erfassung der WLAN-Umgebung (2,4 GHz) zur Optimierung der genutzten WLAN Kanäle läuft, WLAN-Geräte werden daher unter Umständen neu angemeldet.
22.06.22
18:21:07
WLAN-Gerät wird abgemeldet (2,4 GHz): WLAN-Gerät antwortet nicht, Pixel3a, IP 192.168.178.28, MAC XX:XX:XX:XX:XX:XX. (#0104).
22.06.22
16:56:31
WLAN-Autokanal: Die Kanaleinstellungen wurden nicht geändert, weiter aktiv auf Kanal 1 (2,4 GHz).
22.06.22
16:56:29
WLAN-Autokanal: Aktuelle Erfassung der WLAN-Umgebung (2,4 GHz) zur Optimierung der genutzten WLAN Kanäle läuft, WLAN-Geräte werden daher unter Umständen neu angemeldet.
22.06.22
16:29:59
WLAN-Gerät hat sich neu angemeldet (2,4 GHz), 144 Mbit/s, Pixel3a, IP 192.168.178.28, MAC XX:XX:XX:XX:XX:XX.
22.06.22
16:27:39
WLAN-Gerät angemeldet (5 GHz), 866 Mbit/s, Pixel3a, IP 192.168.178.28, MAC XX:XX:XX:XX:XX:XX.
22.06.22
16:26:23
WLAN-Gerät hat sich neu angemeldet (5 GHz), 866 Mbit/s, Pixel3a, IP 192.168.178.28, MAC XX:XX:XX:XX:XX:XX.
22.06.22
16:04:51
WLAN-Gerät hat sich neu angemeldet (2,4 GHz), 144 Mbit/s, Pixel3a, IP 192.168.178.28, MAC XX:XX:XX:XX:XX:XX.
22.06.22
16:04:13
WLAN-Gerät angemeldet (5 GHz), 866 Mbit/s, Pixel3a, IP 192.168.178.28, MAC XX:XX:XX:XX:XX:XX.
22.06.22
15:14:18
WLAN-Autokanal: Die Kanaleinstellungen wurden nicht geändert, weiter aktiv auf Kanal 1 (2,4 GHz).
22.06.22
15:14:16
WLAN-Autokanal: Aktuelle Erfassung der WLAN-Umgebung (2,4 GHz) zur Optimierung der genutzten WLAN Kanäle läuft, WLAN-Geräte werden daher unter Umständen neu angemeldet.
22.06.22
14:14:18
WLAN-Autokanal: Die Kanaleinstellungen (vorher Kanal 6 (2,4 GHz)) wurden geändert, aktiv auf Kanal 1 (2,4 GHz).
22.06.22
14:14:16
WLAN-Autokanal: Aktuelle Erfassung der WLAN-Umgebung (2,4 GHz) zur Optimierung der genutzten WLAN Kanäle läuft, WLAN-Geräte werden daher unter Umständen neu angemeldet.
22.06.22
13:14:18
WLAN-Autokanal: Die Kanaleinstellungen wurden nicht geändert, weiter aktiv auf Kanal 6 (2,4 GHz).
22.06.22
13:14:16
WLAN-Autokanal: Aktuelle Erfassung der WLAN-Umgebung (2,4 GHz) zur Optimierung der genutzten WLAN Kanäle läuft, WLAN-Geräte werden daher unter Umständen neu angemeldet.
22.06.22
12:14:18
WLAN-Autokanal: Die Kanaleinstellungen wurden nicht geändert, weiter aktiv auf Kanal 6 (2,4 GHz).
22.06.22
12:14:16
WLAN-Autokanal: Aktuelle Erfassung der WLAN-Umgebung (2,4 GHz) zur Optimierung der genutzten WLAN Kanäle läuft, WLAN-Geräte werden daher unter Umständen neu angemeldet.
22.06.22
11:14:18
WLAN-Autokanal: Die Kanaleinstellungen (vorher Kanal 1 (2,4 GHz)) wurden geändert, aktiv auf Kanal 6 (2,4 GHz).
22.06.22
11:14:16
WLAN-Autokanal: Aktuelle Erfassung der WLAN-Umgebung (2,4 GHz) zur Optimierung der genutzten WLAN Kanäle läuft, WLAN-Geräte werden daher unter Umständen neu angemeldet.
22.06.22
10:14:18
WLAN-Autokanal: Die Kanaleinstellungen wurden nicht geändert, weiter aktiv auf Kanal 1 (2,4 GHz).
22.06.22
10:14:16
WLAN-Autokanal: Aktuelle Erfassung der WLAN-Umgebung (2,4 GHz) zur Optimierung der genutzten WLAN Kanäle läuft, WLAN-Geräte werden daher unter Umständen neu angemeldet.
22.06.22
09:14:18
WLAN-Autokanal: Die Kanaleinstellungen wurden nicht geändert, weiter aktiv auf Kanal 1 (2,4 GHz).
22.06.22
09:14:16
WLAN-Autokanal: Aktuelle Erfassung der WLAN-Umgebung (2,4 GHz) zur Optimierung der genutzten WLAN Kanäle läuft, WLAN-Geräte werden daher unter Umständen neu angemeldet.
22.06.22
08:14:18
WLAN-Autokanal: Die Kanaleinstellungen (vorher Kanal 6 (2,4 GHz)) wurden geändert, aktiv auf Kanal 1 (2,4 GHz).
22.06.22
08:14:14
WLAN-Autokanal: Aktuelle Erfassung der WLAN-Umgebung (2,4 GHz) zur Optimierung der genutzten WLAN Kanäle läuft, WLAN-Geräte werden daher unter Umständen neu angemeldet.
22.06.22
07:14:16
WLAN-Autokanal: Die Kanaleinstellungen wurden nicht geändert, weiter aktiv auf Kanal 6 (2,4 GHz).
22.06.22
07:14:14
WLAN-Autokanal: Aktuelle Erfassung der WLAN-Umgebung (2,4 GHz) zur Optimierung der genutzten WLAN Kanäle läuft, WLAN-Geräte werden daher unter Umständen neu angemeldet.
22.06.22
06:14:16
WLAN-Autokanal: Die Kanaleinstellungen wurden nicht geändert, weiter aktiv auf Kanal 6 (2,4 GHz).
22.06.22
06:14:14
WLAN-Autokanal: Aktuelle Erfassung der WLAN-Umgebung (2,4 GHz) zur Optimierung der genutzten WLAN Kanäle läuft, WLAN-Geräte werden daher unter Umständen neu angemeldet.
22.06.22
05:14:16
WLAN-Autokanal: Die Kanaleinstellungen wurden nicht geändert, weiter aktiv auf Kanal 6 (2,4 GHz).
22.06.22
05:14:14
WLAN-Autokanal: Aktuelle Erfassung der WLAN-Umgebung (2,4 GHz) zur Optimierung der genutzten WLAN Kanäle läuft, WLAN-Geräte werden daher unter Umständen neu angemeldet.
22.06.22
04:14:16
WLAN-Autokanal: Die Kanaleinstellungen wurden nicht geändert, weiter aktiv auf Kanal 6 (2,4 GHz).
22.06.22
04:14:14
WLAN-Autokanal: Aktuelle Erfassung der WLAN-Umgebung (2,4 GHz) zur Optimierung der genutzten WLAN Kanäle läuft, WLAN-Geräte werden daher unter Umständen neu angemeldet.
22.06.22
03:14:16
WLAN-Autokanal: Die Kanaleinstellungen wurden nicht geändert, weiter aktiv auf Kanal 6 (2,4 GHz).
22.06.22
03:14:14
WLAN-Autokanal: Aktuelle Erfassung der WLAN-Umgebung (2,4 GHz) zur Optimierung der genutzten WLAN Kanäle läuft, WLAN-Geräte werden daher unter Umständen neu angemeldet.
22.06.22
02:14:16
WLAN-Autokanal: Die Kanaleinstellungen wurden nicht geändert, weiter aktiv auf Kanal 6 (2,4 GHz).
22.06.22
02:14:14
WLAN-Autokanal: Aktuelle Erfassung der WLAN-Umgebung (2,4 GHz) zur Optimierung der genutzten WLAN Kanäle läuft, WLAN-Geräte werden daher unter Umständen neu angemeldet.
22.06.22
01:14:16
WLAN-Autokanal: Die Kanaleinstellungen wurden nicht geändert, weiter aktiv auf Kanal 6 (2,4 GHz).
22.06.22
01:14:14
WLAN-Autokanal: Aktuelle Erfassung der WLAN-Umgebung (2,4 GHz) zur Optimierung der genutzten WLAN Kanäle läuft, WLAN-Geräte werden daher unter Umständen neu angemeldet.
22.06.22
00:14:16
WLAN-Autokanal: Die Kanaleinstellungen wurden nicht geändert, weiter aktiv auf Kanal 6 (2,4 GHz).
22.06.22
00:14:14
WLAN-Autokanal: Aktuelle Erfassung der WLAN-Umgebung (2,4 GHz) zur Optimierung der genutzten WLAN Kanäle läuft, WLAN-Geräte werden daher unter Umständen neu angemeldet.
21.06.22
23:14:16
WLAN-Autokanal: Die Kanaleinstellungen wurden nicht geändert, weiter aktiv auf Kanal 6 (2,4 GHz).
21.06.22
23:14:14
WLAN-Autokanal: Aktuelle Erfassung der WLAN-Umgebung (2,4 GHz) zur Optimierung der genutzten WLAN Kanäle läuft, WLAN-Geräte werden daher unter Umständen neu angemeldet.
21.06.22
22:14:16
WLAN-Autokanal: Die Kanaleinstellungen wurden nicht geändert, weiter aktiv auf Kanal 6 (2,4 GHz).
21.06.22
22:14:14
WLAN-Autokanal: Aktuelle Erfassung der WLAN-Umgebung (2,4 GHz) zur Optimierung der genutzten WLAN Kanäle läuft, WLAN-Geräte werden daher unter Umständen neu angemeldet.
21.06.22
21:14:16
WLAN-Autokanal: Die Kanaleinstellungen wurden nicht geändert, weiter aktiv auf Kanal 6 (2,4 GHz).
21.06.22
21:14:14
WLAN-Autokanal: Aktuelle Erfassung der WLAN-Umgebung (2,4 GHz) zur Optimierung der genutzten WLAN Kanäle läuft, WLAN-Geräte werden daher unter Umständen neu angemeldet.
21.06.22
20:14:16
WLAN-Autokanal: Die Kanaleinstellungen (vorher Kanal 1 (2,4 GHz)) wurden geändert, aktiv auf Kanal 6 (2,4 GHz).
21.06.22
20:14:12
WLAN-Autokanal: Aktuelle Erfassung der WLAN-Umgebung (2,4 GHz) zur Optimierung der genutzten WLAN Kanäle läuft, WLAN-Geräte werden daher unter Umständen neu angemeldet.
21.06.22
19:14:14
WLAN-Autokanal: Die Kanaleinstellungen (vorher Kanal 6 (2,4 GHz)) wurden geändert, aktiv auf Kanal 1 (2,4 GHz).
21.06.22
19:14:12
WLAN-Autokanal: Aktuelle Erfassung der WLAN-Umgebung (2,4 GHz) zur Optimierung der genutzten WLAN Kanäle läuft, WLAN-Geräte werden daher unter Umständen neu angemeldet.
21.06.22
18:14:14
WLAN-Autokanal: Die Kanaleinstellungen wurden nicht geändert, weiter aktiv auf Kanal 6 (2,4 GHz).
21.06.22
18:14:12
WLAN-Autokanal: Aktuelle Erfassung der WLAN-Umgebung (2,4 GHz) zur Optimierung der genutzten WLAN Kanäle läuft, WLAN-Geräte werden daher unter Umständen neu angemeldet.
21.06.22
17:14:14
WLAN-Autokanal: Die Kanaleinstellungen (vorher Kanal 1 (2,4 GHz)) wurden geändert, aktiv auf Kanal 6 (2,4 GHz).
21.06.22
17:14:12
WLAN-Autokanal: Aktuelle Erfassung der WLAN-Umgebung (2,4 GHz) zur Optimierung der genutzten WLAN Kanäle läuft, WLAN-Geräte werden daher unter Umständen neu angemeldet.
21.06.22
16:14:14
WLAN-Autokanal: Die Kanaleinstellungen wurden nicht geändert, weiter aktiv auf Kanal 1 (2,4 GHz).
21.06.22
16:14:12
WLAN-Autokanal: Aktuelle Erfassung der WLAN-Umgebung (2,4 GHz) zur Optimierung der genutzten WLAN Kanäle läuft, WLAN-Geräte werden daher unter Umständen neu angemeldet.
21.06.22
15:14:14
WLAN-Autokanal: Die Kanaleinstellungen (vorher Kanal 6 (2,4 GHz)) wurden geändert, aktiv auf Kanal 1 (2,4 GHz).
21.06.22
15:14:12
WLAN-Autokanal: Aktuelle Erfassung der WLAN-Umgebung (2,4 GHz) zur Optimierung der genutzten WLAN Kanäle läuft, WLAN-Geräte werden daher unter Umständen neu angemeldet.
21.06.22
14:14:14
WLAN-Autokanal: Die Kanaleinstellungen wurden nicht geändert, weiter aktiv auf Kanal 6 (2,4 GHz).
21.06.22
14:14:12
WLAN-Autokanal: Aktuelle Erfassung der WLAN-Umgebung (2,4 GHz) zur Optimierung der genutzten WLAN Kanäle läuft, WLAN-Geräte werden daher unter Umständen neu angemeldet.
21.06.22
13:14:14
WLAN-Autokanal: Die Kanaleinstellungen wurden nicht geändert, weiter aktiv auf Kanal 6 (2,4 GHz).
21.06.22
13:14:12
WLAN-Autokanal: Aktuelle Erfassung der WLAN-Umgebung (2,4 GHz) zur Optimierung der genutzten WLAN Kanäle läuft, WLAN-Geräte werden daher unter Umständen neu angemeldet.
21.06.22
12:14:14
WLAN-Autokanal: Die Kanaleinstellungen wurden nicht geändert, weiter aktiv auf Kanal 6 (2,4 GHz).
21.06.22
12:14:12
WLAN-Autokanal: Aktuelle Erfassung der WLAN-Umgebung (2,4 GHz) zur Optimierung der genutzten WLAN Kanäle läuft, WLAN-Geräte werden daher unter Umständen neu angemeldet.
21.06.22
11:14:14
WLAN-Autokanal: Die Kanaleinstellungen wurden nicht geändert, weiter aktiv auf Kanal 6 (2,4 GHz).
21.06.22
11:14:12
WLAN-Autokanal: Aktuelle Erfassung der WLAN-Umgebung (2,4 GHz) zur Optimierung der genutzten WLAN Kanäle läuft, WLAN-Geräte werden daher unter Umständen neu angemeldet.
21.06.22
10:14:14
WLAN-Autokanal: Die Kanaleinstellungen wurden nicht geändert, weiter aktiv auf Kanal 6 (2,4 GHz).
21.06.22
10:14:10
WLAN-Autokanal: Aktuelle Erfassung der WLAN-Umgebung (2,4 GHz) zur Optimierung der genutzten WLAN Kanäle läuft, WLAN-Geräte werden daher unter Umständen neu angemeldet.
21.06.22
09:14:12
WLAN-Autokanal: Die Kanaleinstellungen (vorher Kanal 11 (2,4 GHz)) wurden geändert, aktiv auf Kanal 6 (2,4 GHz).
21.06.22
09:14:10
WLAN-Autokanal: Aktuelle Erfassung der WLAN-Umgebung (2,4 GHz) zur Optimierung der genutzten WLAN Kanäle läuft, WLAN-Geräte werden daher unter Umständen neu angemeldet.
21.06.22
08:14:12
WLAN-Autokanal: Die Kanaleinstellungen (vorher Kanal 6 (2,4 GHz)) wurden geändert, aktiv auf Kanal 11 (2,4 GHz).
21.06.22
08:14:10
WLAN-Autokanal: Aktuelle Erfassung der WLAN-Umgebung (2,4 GHz) zur Optimierung der genutzten WLAN Kanäle läuft, WLAN-Geräte werden daher unter Umständen neu angemeldet.
21.06.22
07:14:12
WLAN-Autokanal: Die Kanaleinstellungen (vorher Kanal 1 (2,4 GHz)) wurden geändert, aktiv auf Kanal 6 (2,4 GHz).
21.06.22
07:14:10
WLAN-Autokanal: Aktuelle Erfassung der WLAN-Umgebung (2,4 GHz) zur Optimierung der genutzten WLAN Kanäle läuft, WLAN-Geräte werden daher unter Umständen neu angemeldet.
21.06.22
06:14:12
WLAN-Autokanal: Die Kanaleinstellungen wurden nicht geändert, weiter aktiv auf Kanal 1 (2,4 GHz).
21.06.22
06:14:10
WLAN-Autokanal: Aktuelle Erfassung der WLAN-Umgebung (2,4 GHz) zur Optimierung der genutzten WLAN Kanäle läuft, WLAN-Geräte werden daher unter Umständen neu angemeldet.
21.06.22
05:14:12
WLAN-Autokanal: Die Kanaleinstellungen wurden nicht geändert, weiter aktiv auf Kanal 1 (2,4 GHz).
21.06.22
05:14:10
WLAN-Autokanal: Aktuelle Erfassung der WLAN-Umgebung (2,4 GHz) zur Optimierung der genutzten WLAN Kanäle läuft, WLAN-Geräte werden daher unter Umständen neu angemeldet.
21.06.22
04:14:12
WLAN-Autokanal: Die Kanaleinstellungen wurden nicht geändert, weiter aktiv auf Kanal 1 (2,4 GHz).
21.06.22
04:14:10
WLAN-Autokanal: Aktuelle Erfassung der WLAN-Umgebung (2,4 GHz) zur Optimierung der genutzten WLAN Kanäle läuft, WLAN-Geräte werden daher unter Umständen neu angemeldet.
21.06.22
03:14:12
WLAN-Autokanal: Die Kanaleinstellungen wurden nicht geändert, weiter aktiv auf Kanal 1 (2,4 GHz).
21.06.22
03:14:10
WLAN-Autokanal: Aktuelle Erfassung der WLAN-Umgebung (2,4 GHz) zur Optimierung der genutzten WLAN Kanäle läuft, WLAN-Geräte werden daher unter Umständen neu angemeldet.
21.06.22
02:14:12
WLAN-Autokanal: Die Kanaleinstellungen (vorher Kanal 6 (2,4 GHz)) wurden geändert, aktiv auf Kanal 1 (2,4 GHz).
21.06.22
02:14:10
WLAN-Autokanal: Aktuelle Erfassung der WLAN-Umgebung (2,4 GHz) zur Optimierung der genutzten WLAN Kanäle läuft, WLAN-Geräte werden daher unter Umständen neu angemeldet.
21.06.22
01:14:12
WLAN-Autokanal: Die Kanaleinstellungen wurden nicht geändert, weiter aktiv auf Kanal 6 (2,4 GHz).
21.06.22
01:14:10
WLAN-Autokanal: Aktuelle Erfassung der WLAN-Umgebung (2,4 GHz) zur Optimierung der genutzten WLAN Kanäle läuft, WLAN-Geräte werden daher unter Umständen neu angemeldet.
21.06.22
00:14:12
WLAN-Autokanal: Die Kanaleinstellungen (vorher Kanal 1 (2,4 GHz)) wurden geändert, aktiv auf Kanal 6 (2,4 GHz).
21.06.22
00:14:08
WLAN-Autokanal: Aktuelle Erfassung der WLAN-Umgebung (2,4 GHz) zur Optimierung der genutzten WLAN Kanäle läuft, WLAN-Geräte werden daher unter Umständen neu angemeldet.
20.06.22
23:14:10
WLAN-Autokanal: Die Kanaleinstellungen wurden nicht geändert, weiter aktiv auf Kanal 1 (2,4 GHz).
20.06.22
23:14:08
WLAN-Autokanal: Aktuelle Erfassung der WLAN-Umgebung (2,4 GHz) zur Optimierung der genutzten WLAN Kanäle läuft, WLAN-Geräte werden daher unter Umständen neu angemeldet.
20.06.22
22:14:10
WLAN-Autokanal: Die Kanaleinstellungen (vorher Kanal 6 (2,4 GHz)) wurden geändert, aktiv auf Kanal 1 (2,4 GHz).
20.06.22
22:14:08
WLAN-Autokanal: Aktuelle Erfassung der WLAN-Umgebung (2,4 GHz) zur Optimierung der genutzten WLAN Kanäle läuft, WLAN-Geräte werden daher unter Umständen neu angemeldet.
20.06.22
21:14:10
WLAN-Autokanal: Die Kanaleinstellungen wurden nicht geändert, weiter aktiv auf Kanal 6 (2,4 GHz).
20.06.22
21:14:08
WLAN-Autokanal: Aktuelle Erfassung der WLAN-Umgebung (2,4 GHz) zur Optimierung der genutzten WLAN Kanäle läuft, WLAN-Geräte werden daher unter Umständen neu angemeldet.
20.06.22
20:14:10
WLAN-Autokanal: Die Kanaleinstellungen (vorher Kanal 1 (2,4 GHz)) wurden geändert, aktiv auf Kanal 6 (2,4 GHz).
20.06.22
20:14:08
WLAN-Autokanal: Aktuelle Erfassung der WLAN-Umgebung (2,4 GHz) zur Optimierung der genutzten WLAN Kanäle läuft, WLAN-Geräte werden daher unter Umständen neu angemeldet.
20.06.22
19:14:10
WLAN-Autokanal: Die Kanaleinstellungen wurden nicht geändert, weiter aktiv auf Kanal 1 (2,4 GHz).
20.06.22
19:14:08
WLAN-Autokanal: Aktuelle Erfassung der WLAN-Umgebung (2,4 GHz) zur Optimierung der genutzten WLAN Kanäle läuft, WLAN-Geräte werden daher unter Umständen neu angemeldet.
20.06.22
18:14:10
WLAN-Autokanal: Die Kanaleinstellungen (vorher Kanal 6 (2,4 GHz)) wurden geändert, aktiv auf Kanal 1 (2,4 GHz).
20.06.22
18:14:08
WLAN-Autokanal: Aktuelle Erfassung der WLAN-Umgebung (2,4 GHz) zur Optimierung der genutzten WLAN Kanäle läuft, WLAN-Geräte werden daher unter Umständen neu angemeldet.
20.06.22
17:14:10
WLAN-Autokanal: Die Kanaleinstellungen (vorher Kanal 11 (2,4 GHz)) wurden geändert, aktiv auf Kanal 6 (2,4 GHz).
20.06.22
17:14:08
WLAN-Autokanal: Aktuelle Erfassung der WLAN-Umgebung (2,4 GHz) zur Optimierung der genutzten WLAN Kanäle läuft, WLAN-Geräte werden daher unter Umständen neu angemeldet.
20.06.22
16:14:10
WLAN-Autokanal: Die Kanaleinstellungen wurden nicht geändert, weiter aktiv auf Kanal 11 (2,4 GHz).
20.06.22
16:14:08
WLAN-Autokanal: Aktuelle Erfassung der WLAN-Umgebung (2,4 GHz) zur Optimierung der genutzten WLAN Kanäle läuft, WLAN-Geräte werden daher unter Umständen neu angemeldet.
20.06.22
15:14:10
WLAN-Autokanal: Die Kanaleinstellungen wurden nicht geändert, weiter aktiv auf Kanal 11 (2,4 GHz).
20.06.22
15:14:08
WLAN-Autokanal: Aktuelle Erfassung der WLAN-Umgebung (2,4 GHz) zur Optimierung der genutzten WLAN Kanäle läuft, WLAN-Geräte werden daher unter Umständen neu angemeldet.
20.06.22
14:14:10
WLAN-Autokanal: Die Kanaleinstellungen wurden nicht geändert, weiter aktiv auf Kanal 11 (2,4 GHz).
20.06.22
14:14:08
WLAN-Autokanal: Aktuelle Erfassung der WLAN-Umgebung (2,4 GHz) zur Optimierung der genutzten WLAN Kanäle läuft, WLAN-Geräte werden daher unter Umständen neu angemeldet.
20.06.22
13:14:10
WLAN-Autokanal: Die Kanaleinstellungen wurden nicht geändert, weiter aktiv auf Kanal 11 (2,4 GHz).
20.06.22
13:14:06
WLAN-Autokanal: Aktuelle Erfassung der WLAN-Umgebung (2,4 GHz) zur Optimierung der genutzten WLAN Kanäle läuft, WLAN-Geräte werden daher unter Umständen neu angemeldet.
20.06.22
12:14:08
WLAN-Autokanal: Die Kanaleinstellungen (vorher Kanal 6 (2,4 GHz)) wurden geändert, aktiv auf Kanal 11 (2,4 GHz).
20.06.22
12:14:06
WLAN-Autokanal: Aktuelle Erfassung der WLAN-Umgebung (2,4 GHz) zur Optimierung der genutzten WLAN Kanäle läuft, WLAN-Geräte werden daher unter Umständen neu angemeldet.
20.06.22
11:14:08
WLAN-Autokanal: Die Kanaleinstellungen wurden nicht geändert, weiter aktiv auf Kanal 6 (2,4 GHz).
20.06.22
11:14:06
WLAN-Autokanal: Aktuelle Erfassung der WLAN-Umgebung (2,4 GHz) zur Optimierung der genutzten WLAN Kanäle läuft, WLAN-Geräte werden daher unter Umständen neu angemeldet.
20.06.22
10:14:08
WLAN-Autokanal: Die Kanaleinstellungen wurden nicht geändert, weiter aktiv auf Kanal 6 (2,4 GHz).
20.06.22
10:14:06
WLAN-Autokanal: Aktuelle Erfassung der WLAN-Umgebung (2,4 GHz) zur Optimierung der genutzten WLAN Kanäle läuft, WLAN-Geräte werden daher unter Umständen neu angemeldet.
20.06.22
09:14:08
WLAN-Autokanal: Die Kanaleinstellungen wurden nicht geändert, weiter aktiv auf Kanal 6 (2,4 GHz).
20.06.22
09:14:06
WLAN-Autokanal: Aktuelle Erfassung der WLAN-Umgebung (2,4 GHz) zur Optimierung der genutzten WLAN Kanäle läuft, WLAN-Geräte werden daher unter Umständen neu angemeldet.
20.06.22
08:14:08
WLAN-Autokanal: Die Kanaleinstellungen wurden nicht geändert, weiter aktiv auf Kanal 6 (2,4 GHz).
20.06.22
08:14:06
WLAN-Autokanal: Aktuelle Erfassung der WLAN-Umgebung (2,4 GHz) zur Optimierung der genutzten WLAN Kanäle läuft, WLAN-Geräte werden daher unter Umständen neu angemeldet.
20.06.22
07:14:08
WLAN-Autokanal: Die Kanaleinstellungen (vorher Kanal 11 (2,4 GHz)) wurden geändert, aktiv auf Kanal 6 (2,4 GHz).
20.06.22
07:14:06
WLAN-Autokanal: Aktuelle Erfassung der WLAN-Umgebung (2,4 GHz) zur Optimierung der genutzten WLAN Kanäle läuft, WLAN-Geräte werden daher unter Umständen neu angemeldet.
20.06.22
06:14:08
WLAN-Autokanal: Die Kanaleinstellungen (vorher Kanal 1 (2,4 GHz)) wurden geändert, aktiv auf Kanal 11 (2,4 GHz).
20.06.22
06:14:06
WLAN-Autokanal: Aktuelle Erfassung der WLAN-Umgebung (2,4 GHz) zur Optimierung der genutzten WLAN Kanäle läuft, WLAN-Geräte werden daher unter Umständen neu angemeldet.
20.06.22
05:14:08
WLAN-Autokanal: Die Kanaleinstellungen (vorher Kanal 6 (2,4 GHz)) wurden geändert, aktiv auf Kanal 1 (2,4 GHz).
20.06.22
05:14:06
WLAN-Autokanal: Aktuelle Erfassung der WLAN-Umgebung (2,4 GHz) zur Optimierung der genutzten WLAN Kanäle läuft, WLAN-Geräte werden daher unter Umständen neu angemeldet.
20.06.22
04:14:08
WLAN-Autokanal: Die Kanaleinstellungen wurden nicht geändert, weiter aktiv auf Kanal 6 (2,4 GHz).
20.06.22
04:14:06
WLAN-Autokanal: Aktuelle Erfassung der WLAN-Umgebung (2,4 GHz) zur Optimierung der genutzten WLAN Kanäle läuft, WLAN-Geräte werden daher unter Umständen neu angemeldet.
20.06.22
03:14:08
WLAN-Autokanal: Die Kanaleinstellungen wurden nicht geändert, weiter aktiv auf Kanal 6 (2,4 GHz).
20.06.22
03:14:04
WLAN-Autokanal: Aktuelle Erfassung der WLAN-Umgebung (2,4 GHz) zur Optimierung der genutzten WLAN Kanäle läuft, WLAN-Geräte werden daher unter Umständen neu angemeldet.
20.06.22
02:14:06
WLAN-Autokanal: Die Kanaleinstellungen wurden nicht geändert, weiter aktiv auf Kanal 6 (2,4 GHz).
20.06.22
02:14:04
WLAN-Autokanal: Aktuelle Erfassung der WLAN-Umgebung (2,4 GHz) zur Optimierung der genutzten WLAN Kanäle läuft, WLAN-Geräte werden daher unter Umständen neu angemeldet.
20.06.22
01:14:06
WLAN-Autokanal: Die Kanaleinstellungen (vorher Kanal 11 (2,4 GHz)) wurden geändert, aktiv auf Kanal 6 (2,4 GHz).
20.06.22
01:14:04
WLAN-Autokanal: Aktuelle Erfassung der WLAN-Umgebung (2,4 GHz) zur Optimierung der genutzten WLAN Kanäle läuft, WLAN-Geräte werden daher unter Umständen neu angemeldet.
20.06.22
00:14:06
WLAN-Autokanal: Die Kanaleinstellungen (vorher Kanal 6 (2,4 GHz)) wurden geändert, aktiv auf Kanal 11 (2,4 GHz).
20.06.22
00:14:04
WLAN-Autokanal: Aktuelle Erfassung der WLAN-Umgebung (2,4 GHz) zur Optimierung der genutzten WLAN Kanäle läuft, WLAN-Geräte werden daher unter Umständen neu angemeldet.
19.06.22
23:14:06
WLAN-Autokanal: Die Kanaleinstellungen wurden nicht geändert, weiter aktiv auf Kanal 6 (2,4 GHz).
19.06.22
23:14:04
WLAN-Autokanal: Aktuelle Erfassung der WLAN-Umgebung (2,4 GHz) zur Optimierung der genutzten WLAN Kanäle läuft, WLAN-Geräte werden daher unter Umständen neu angemeldet.
19.06.22
22:14:06
WLAN-Autokanal: Die Kanaleinstellungen wurden nicht geändert, weiter aktiv auf Kanal 6 (2,4 GHz).
19.06.22
22:14:04
WLAN-Autokanal: Aktuelle Erfassung der WLAN-Umgebung (2,4 GHz) zur Optimierung der genutzten WLAN Kanäle läuft, WLAN-Geräte werden daher unter Umständen neu angemeldet.
19.06.22
21:14:06
WLAN-Autokanal: Die Kanaleinstellungen wurden nicht geändert, weiter aktiv auf Kanal 6 (2,4 GHz).
19.06.22
21:14:05
WLAN-Autokanal: Aktuelle Erfassung der WLAN-Umgebung (2,4 GHz) zur Optimierung der genutzten WLAN Kanäle läuft, WLAN-Geräte werden daher unter Umständen neu angemeldet.
19.06.22
20:14:06
WLAN-Autokanal: Die Kanaleinstellungen (vorher Kanal 1 (2,4 GHz)) wurden geändert, aktiv auf Kanal 6 (2,4 GHz).
19.06.22
20:14:04
WLAN-Autokanal: Aktuelle Erfassung der WLAN-Umgebung (2,4 GHz) zur Optimierung der genutzten WLAN Kanäle läuft, WLAN-Geräte werden daher unter Umständen neu angemeldet.
19.06.22
19:14:06
WLAN-Autokanal: Die Kanaleinstellungen wurden nicht geändert, weiter aktiv auf Kanal 1 (2,4 GHz).
19.06.22
19:14:04
WLAN-Autokanal: Aktuelle Erfassung der WLAN-Umgebung (2,4 GHz) zur Optimierung der genutzten WLAN Kanäle läuft, WLAN-Geräte werden daher unter Umständen neu angemeldet.
19.06.22
18:14:06
WLAN-Autokanal: Die Kanaleinstellungen wurden nicht geändert, weiter aktiv auf Kanal 1 (2,4 GHz).
19.06.22
18:14:02
WLAN-Autokanal: Aktuelle Erfassung der WLAN-Umgebung (2,4 GHz) zur Optimierung der genutzten WLAN Kanäle läuft, WLAN-Geräte werden daher unter Umständen neu angemeldet.
19.06.22
17:14:04
WLAN-Autokanal: Die Kanaleinstellungen wurden nicht geändert, weiter aktiv auf Kanal 1 (2,4 GHz).
19.06.22
17:14:02
WLAN-Autokanal: Aktuelle Erfassung der WLAN-Umgebung (2,4 GHz) zur Optimierung der genutzten WLAN Kanäle läuft, WLAN-Geräte werden daher unter Umständen neu angemeldet.
19.06.22
16:14:04
WLAN-Autokanal: Die Kanaleinstellungen wurden nicht geändert, weiter aktiv auf Kanal 1 (2,4 GHz).
19.06.22
16:14:02
WLAN-Autokanal: Aktuelle Erfassung der WLAN-Umgebung (2,4 GHz) zur Optimierung der genutzten WLAN Kanäle läuft, WLAN-Geräte werden daher unter Umständen neu angemeldet.
19.06.22
15:14:04
WLAN-Autokanal: Die Kanaleinstellungen wurden nicht geändert, weiter aktiv auf Kanal 1 (2,4 GHz).
19.06.22
15:14:02
WLAN-Autokanal: Aktuelle Erfassung der WLAN-Umgebung (2,4 GHz) zur Optimierung der genutzten WLAN Kanäle läuft, WLAN-Geräte werden daher unter Umständen neu angemeldet.
19.06.22
14:14:04
WLAN-Autokanal: Die Kanaleinstellungen (vorher Kanal 6 (2,4 GHz)) wurden geändert, aktiv auf Kanal 1 (2,4 GHz).
19.06.22
14:14:02
WLAN-Autokanal: Aktuelle Erfassung der WLAN-Umgebung (2,4 GHz) zur Optimierung der genutzten WLAN Kanäle läuft, WLAN-Geräte werden daher unter Umständen neu angemeldet.
19.06.22
13:14:04
WLAN-Autokanal: Die Kanaleinstellungen wurden nicht geändert, weiter aktiv auf Kanal 6 (2,4 GHz).
19.06.22
13:14:02
WLAN-Autokanal: Aktuelle Erfassung der WLAN-Umgebung (2,4 GHz) zur Optimierung der genutzten WLAN Kanäle läuft, WLAN-Geräte werden daher unter Umständen neu angemeldet.
19.06.22
12:14:04
WLAN-Autokanal: Die Kanaleinstellungen (vorher Kanal 1 (2,4 GHz)) wurden geändert, aktiv auf Kanal 6 (2,4 GHz).
19.06.22
12:14:03
WLAN-Autokanal: Aktuelle Erfassung der WLAN-Umgebung (2,4 GHz) zur Optimierung der genutzten WLAN Kanäle läuft, WLAN-Geräte werden daher unter Umständen neu angemeldet.
19.06.22
11:14:04
WLAN-Autokanal: Die Kanaleinstellungen wurden nicht geändert, weiter aktiv auf Kanal 1 (2,4 GHz).
19.06.22
11:14:02
WLAN-Autokanal: Aktuelle Erfassung der WLAN-Umgebung (2,4 GHz) zur Optimierung der genutzten WLAN Kanäle läuft, WLAN-Geräte werden daher unter Umständen neu angemeldet.
19.06.22
10:14:04
WLAN-Autokanal: Die Kanaleinstellungen wurden nicht geändert, weiter aktiv auf Kanal 1 (2,4 GHz).
19.06.22
10:14:02
WLAN-Autokanal: Aktuelle Erfassung der WLAN-Umgebung (2,4 GHz) zur Optimierung der genutzten WLAN Kanäle läuft, WLAN-Geräte werden daher unter Umständen neu angemeldet.
19.06.22
09:14:04
WLAN-Autokanal: Die Kanaleinstellungen wurden nicht geändert, weiter aktiv auf Kanal 1 (2,4 GHz).
19.06.22
09:14:00
WLAN-Autokanal: Aktuelle Erfassung der WLAN-Umgebung (2,4 GHz) zur Optimierung der genutzten WLAN Kanäle läuft, WLAN-Geräte werden daher unter Umständen neu angemeldet.
19.06.22
08:14:04
WLAN-Autokanal: Die Kanaleinstellungen wurden nicht geändert, weiter aktiv auf Kanal 1 (2,4 GHz).
19.06.22
08:14:00
WLAN-Autokanal: Aktuelle Erfassung der WLAN-Umgebung (2,4 GHz) zur Optimierung der genutzten WLAN Kanäle läuft, WLAN-Geräte werden daher unter Umständen neu angemeldet.
19.06.22
07:14:02
WLAN-Autokanal: Die Kanaleinstellungen wurden nicht geändert, weiter aktiv auf Kanal 1 (2,4 GHz).
19.06.22
07:14:00
WLAN-Autokanal: Aktuelle Erfassung der WLAN-Umgebung (2,4 GHz) zur Optimierung der genutzten WLAN Kanäle läuft, WLAN-Geräte werden daher unter Umständen neu angemeldet.
19.06.22
06:14:02
WLAN-Autokanal: Die Kanaleinstellungen wurden nicht geändert, weiter aktiv auf Kanal 1 (2,4 GHz).
19.06.22
06:14:00
WLAN-Autokanal: Aktuelle Erfassung der WLAN-Umgebung (2,4 GHz) zur Optimierung der genutzten WLAN Kanäle läuft, WLAN-Geräte werden daher unter Umständen neu angemeldet.
19.06.22
05:14:02
WLAN-Autokanal: Die Kanaleinstellungen (vorher Kanal 6 (2,4 GHz)) wurden geändert, aktiv auf Kanal 1 (2,4 GHz).
19.06.22
05:14:00
WLAN-Autokanal: Aktuelle Erfassung der WLAN-Umgebung (2,4 GHz) zur Optimierung der genutzten WLAN Kanäle läuft, WLAN-Geräte werden daher unter Umständen neu angemeldet.
19.06.22
04:14:02
WLAN-Autokanal: Die Kanaleinstellungen wurden nicht geändert, weiter aktiv auf Kanal 6 (2,4 GHz).
19.06.22
04:14:00
WLAN-Autokanal: Aktuelle Erfassung der WLAN-Umgebung (2,4 GHz) zur Optimierung der genutzten WLAN Kanäle läuft, WLAN-Geräte werden daher unter Umständen neu angemeldet.
19.06.22
03:14:02
WLAN-Autokanal: Die Kanaleinstellungen wurden nicht geändert, weiter aktiv auf Kanal 6 (2,4 GHz).
19.06.22
03:14:00
WLAN-Autokanal: Aktuelle Erfassung der WLAN-Umgebung (2,4 GHz) zur Optimierung der genutzten WLAN Kanäle läuft, WLAN-Geräte werden daher unter Umständen neu angemeldet.
19.06.22
02:14:02
WLAN-Autokanal: Die Kanaleinstellungen wurden nicht geändert, weiter aktiv auf Kanal 6 (2,4 GHz).
19.06.22
02:14:00
WLAN-Autokanal: Aktuelle Erfassung der WLAN-Umgebung (2,4 GHz) zur Optimierung der genutzten WLAN Kanäle läuft, WLAN-Geräte werden daher unter Umständen neu angemeldet.
19.06.22
01:14:02
WLAN-Autokanal: Die Kanaleinstellungen (vorher Kanal 1 (2,4 GHz)) wurden geändert, aktiv auf Kanal 6 (2,4 GHz).
19.06.22
01:14:01
WLAN-Autokanal: Aktuelle Erfassung der WLAN-Umgebung (2,4 GHz) zur Optimierung der genutzten WLAN Kanäle läuft, WLAN-Geräte werden daher unter Umständen neu angemeldet.
19.06.22
00:14:02
WLAN-Autokanal: Die Kanaleinstellungen (vorher Kanal 6 (2,4 GHz)) wurden geändert, aktiv auf Kanal 1 (2,4 GHz).
19.06.22
00:14:00
WLAN-Autokanal: Aktuelle Erfassung der WLAN-Umgebung (2,4 GHz) zur Optimierung der genutzten WLAN Kanäle läuft, WLAN-Geräte werden daher unter Umständen neu angemeldet.
18.06.22
23:14:02
WLAN-Autokanal: Die Kanaleinstellungen wurden nicht geändert, weiter aktiv auf Kanal 6 (2,4 GHz).
18.06.22
23:13:58
WLAN-Autokanal: Aktuelle Erfassung der WLAN-Umgebung (2,4 GHz) zur Optimierung der genutzten WLAN Kanäle läuft, WLAN-Geräte werden daher unter Umständen neu angemeldet.
18.06.22
22:14:02
WLAN-Autokanal: Die Kanaleinstellungen wurden nicht geändert, weiter aktiv auf Kanal 6 (2,4 GHz).
18.06.22
22:13:58
WLAN-Autokanal: Aktuelle Erfassung der WLAN-Umgebung (2,4 GHz) zur Optimierung der genutzten WLAN Kanäle läuft, WLAN-Geräte werden daher unter Umständen neu angemeldet.
18.06.22
21:14:00
WLAN-Autokanal: Die Kanaleinstellungen wurden nicht geändert, weiter aktiv auf Kanal 6 (2,4 GHz).
18.06.22
21:13:58
WLAN-Autokanal: Aktuelle Erfassung der WLAN-Umgebung (2,4 GHz) zur Optimierung der genutzten WLAN Kanäle läuft, WLAN-Geräte werden daher unter Umständen neu angemeldet.
18.06.22
20:14:00
WLAN-Autokanal: Die Kanaleinstellungen (vorher Kanal 1 (2,4 GHz)) wurden geändert, aktiv auf Kanal 6 (2,4 GHz).
18.06.22
20:13:58
WLAN-Autokanal: Aktuelle Erfassung der WLAN-Umgebung (2,4 GHz) zur Optimierung der genutzten WLAN Kanäle läuft, WLAN-Geräte werden daher unter Umständen neu angemeldet.
18.06.22
19:14:00
WLAN-Autokanal: Die Kanaleinstellungen wurden nicht geändert, weiter aktiv auf Kanal 1 (2,4 GHz).
18.06.22
19:13:58
WLAN-Autokanal: Aktuelle Erfassung der WLAN-Umgebung (2,4 GHz) zur Optimierung der genutzten WLAN Kanäle läuft, WLAN-Geräte werden daher unter Umständen neu angemeldet.
18.06.22
18:14:00
WLAN-Autokanal: Die Kanaleinstellungen wurden nicht geändert, weiter aktiv auf Kanal 1 (2,4 GHz).
18.06.22
18:13:58
WLAN-Autokanal: Aktuelle Erfassung der WLAN-Umgebung (2,4 GHz) zur Optimierung der genutzten WLAN Kanäle läuft, WLAN-Geräte werden daher unter Umständen neu angemeldet.
18.06.22
17:14:00
WLAN-Autokanal: Die Kanaleinstellungen wurden nicht geändert, weiter aktiv auf Kanal 1 (2,4 GHz).
18.06.22
17:13:58
WLAN-Autokanal: Aktuelle Erfassung der WLAN-Umgebung (2,4 GHz) zur Optimierung der genutzten WLAN Kanäle läuft, WLAN-Geräte werden daher unter Umständen neu angemeldet.
18.06.22
16:14:00
WLAN-Autokanal: Die Kanaleinstellungen wurden nicht geändert, weiter aktiv auf Kanal 1 (2,4 GHz).
18.06.22
16:13:58
WLAN-Autokanal: Aktuelle Erfassung der WLAN-Umgebung (2,4 GHz) zur Optimierung der genutzten WLAN Kanäle läuft, WLAN-Geräte werden daher unter Umständen neu angemeldet.
18.06.22
15:14:00
WLAN-Autokanal: Die Kanaleinstellungen (vorher Kanal 6 (2,4 GHz)) wurden geändert, aktiv auf Kanal 1 (2,4 GHz).
18.06.22
15:13:58
WLAN-Autokanal: Aktuelle Erfassung der WLAN-Umgebung (2,4 GHz) zur Optimierung der genutzten WLAN Kanäle läuft, WLAN-Geräte werden daher unter Umständen neu angemeldet.
18.06.22
14:14:00
WLAN-Autokanal: Die Kanaleinstellungen wurden nicht geändert, weiter aktiv auf Kanal 6 (2,4 GHz).
18.06.22
14:13:58
WLAN-Autokanal: Aktuelle Erfassung der WLAN-Umgebung (2,4 GHz) zur Optimierung der genutzten WLAN Kanäle läuft, WLAN-Geräte werden daher unter Umständen neu angemeldet.
18.06.22
13:14:00
WLAN-Autokanal: Die Kanaleinstellungen (vorher Kanal 11 (2,4 GHz)) wurden geändert, aktiv auf Kanal 6 (2,4 GHz).
18.06.22
13:13:56
WLAN-Autokanal: Aktuelle Erfassung der WLAN-Umgebung (2,4 GHz) zur Optimierung der genutzten WLAN Kanäle läuft, WLAN-Geräte werden daher unter Umständen neu angemeldet.
18.06.22
12:14:00
WLAN-Autokanal: Die Kanaleinstellungen (vorher Kanal 1 (2,4 GHz)) wurden geändert, aktiv auf Kanal 11 (2,4 GHz).
18.06.22
12:13:56
WLAN-Autokanal: Aktuelle Erfassung der WLAN-Umgebung (2,4 GHz) zur Optimierung der genutzten WLAN Kanäle läuft, WLAN-Geräte werden daher unter Umständen neu angemeldet.
18.06.22
11:13:58
WLAN-Autokanal: Die Kanaleinstellungen wurden nicht geändert, weiter aktiv auf Kanal 1 (2,4 GHz).
18.06.22
11:13:56
WLAN-Autokanal: Aktuelle Erfassung der WLAN-Umgebung (2,4 GHz) zur Optimierung der genutzten WLAN Kanäle läuft, WLAN-Geräte werden daher unter Umständen neu angemeldet.
18.06.22
10:13:58
WLAN-Autokanal: Die Kanaleinstellungen (vorher Kanal 11 (2,4 GHz)) wurden geändert, aktiv auf Kanal 1 (2,4 GHz).
18.06.22
10:13:56
WLAN-Autokanal: Aktuelle Erfassung der WLAN-Umgebung (2,4 GHz) zur Optimierung der genutzten WLAN Kanäle läuft, WLAN-Geräte werden daher unter Umständen neu angemeldet.
18.06.22
09:13:58
WLAN-Autokanal: Die Kanaleinstellungen wurden nicht geändert, weiter aktiv auf Kanal 11 (2,4 GHz).
18.06.22
09:13:56
WLAN-Autokanal: Aktuelle Erfassung der WLAN-Umgebung (2,4 GHz) zur Optimierung der genutzten WLAN Kanäle läuft, WLAN-Geräte werden daher unter Umständen neu angemeldet.
18.06.22
08:13:58
WLAN-Autokanal: Die Kanaleinstellungen wurden nicht geändert, weiter aktiv auf Kanal 11 (2,4 GHz).
18.06.22
08:13:56
WLAN-Autokanal: Aktuelle Erfassung der WLAN-Umgebung (2,4 GHz) zur Optimierung der genutzten WLAN Kanäle läuft, WLAN-Geräte werden daher unter Umständen neu angemeldet.
18.06.22
07:13:58
WLAN-Autokanal: Die Kanaleinstellungen wurden nicht geändert, weiter aktiv auf Kanal 11 (2,4 GHz).
18.06.22
07:13:56
WLAN-Autokanal: Aktuelle Erfassung der WLAN-Umgebung (2,4 GHz) zur Optimierung der genutzten WLAN Kanäle läuft, WLAN-Geräte werden daher unter Umständen neu angemeldet.
18.06.22
06:13:58
WLAN-Autokanal: Die Kanaleinstellungen wurden nicht geändert, weiter aktiv auf Kanal 11 (2,4 GHz).
18.06.22
06:13:56
WLAN-Autokanal: Aktuelle Erfassung der WLAN-Umgebung (2,4 GHz) zur Optimierung der genutzten WLAN Kanäle läuft, WLAN-Geräte werden daher unter Umständen neu angemeldet.
18.06.22
05:13:58
WLAN-Autokanal: Die Kanaleinstellungen wurden nicht geändert, weiter aktiv auf Kanal 11 (2,4 GHz).
18.06.22
05:13:56
WLAN-Autokanal: Aktuelle Erfassung der WLAN-Umgebung (2,4 GHz) zur Optimierung der genutzten WLAN Kanäle läuft, WLAN-Geräte werden daher unter Umständen neu angemeldet.
18.06.22
04:13:58
WLAN-Autokanal: Die Kanaleinstellungen (vorher Kanal 6 (2,4 GHz)) wurden geändert, aktiv auf Kanal 11 (2,4 GHz).
18.06.22
04:13:56
WLAN-Autokanal: Aktuelle Erfassung der WLAN-Umgebung (2,4 GHz) zur Optimierung der genutzten WLAN Kanäle läuft, WLAN-Geräte werden daher unter Umständen neu angemeldet.
18.06.22
03:13:58
WLAN-Autokanal: Die Kanaleinstellungen (vorher Kanal 11 (2,4 GHz)) wurden geändert, aktiv auf Kanal 6 (2,4 GHz).
18.06.22
03:13:54
WLAN-Autokanal: Aktuelle Erfassung der WLAN-Umgebung (2,4 GHz) zur Optimierung der genutzten WLAN Kanäle läuft, WLAN-Geräte werden daher unter Umständen neu angemeldet.
18.06.22
02:13:58
WLAN-Autokanal: Die Kanaleinstellungen wurden nicht geändert, weiter aktiv auf Kanal 11 (2,4 GHz).
18.06.22
02:13:54
WLAN-Autokanal: Aktuelle Erfassung der WLAN-Umgebung (2,4 GHz) zur Optimierung der genutzten WLAN Kanäle läuft, WLAN-Geräte werden daher unter Umständen neu angemeldet.
18.06.22
01:13:56
WLAN-Autokanal: Die Kanaleinstellungen (vorher Kanal 1 (2,4 GHz)) wurden geändert, aktiv auf Kanal 11 (2,4 GHz).
18.06.22
01:13:54
WLAN-Autokanal: Aktuelle Erfassung der WLAN-Umgebung (2,4 GHz) zur Optimierung der genutzten WLAN Kanäle läuft, WLAN-Geräte werden daher unter Umständen neu angemeldet.
18.06.22
00:13:56
WLAN-Autokanal: Die Kanaleinstellungen wurden nicht geändert, weiter aktiv auf Kanal 1 (2,4 GHz).
18.06.22
00:13:54
WLAN-Autokanal: Aktuelle Erfassung der WLAN-Umgebung (2,4 GHz) zur Optimierung der genutzten WLAN Kanäle läuft, WLAN-Geräte werden daher unter Umständen neu angemeldet.
17.06.22
23:13:56
WLAN-Autokanal: Die Kanaleinstellungen wurden nicht geändert, weiter aktiv auf Kanal 1 (2,4 GHz).
17.06.22
23:13:54
WLAN-Autokanal: Aktuelle Erfassung der WLAN-Umgebung (2,4 GHz) zur Optimierung der genutzten WLAN Kanäle läuft, WLAN-Geräte werden daher unter Umständen neu angemeldet.
17.06.22
22:13:56
WLAN-Autokanal: Die Kanaleinstellungen wurden nicht geändert, weiter aktiv auf Kanal 1 (2,4 GHz).
17.06.22
22:13:54
WLAN-Autokanal: Aktuelle Erfassung der WLAN-Umgebung (2,4 GHz) zur Optimierung der genutzten WLAN Kanäle läuft, WLAN-Geräte werden daher unter Umständen neu angemeldet.
17.06.22
21:13:56
WLAN-Autokanal: Die Kanaleinstellungen (vorher Kanal 11 (2,4 GHz)) wurden geändert, aktiv auf Kanal 1 (2,4 GHz).
17.06.22
21:13:54
WLAN-Autokanal: Aktuelle Erfassung der WLAN-Umgebung (2,4 GHz) zur Optimierung der genutzten WLAN Kanäle läuft, WLAN-Geräte werden daher unter Umständen neu angemeldet.
17.06.22
20:13:55
WLAN-Autokanal: Die Kanaleinstellungen wurden nicht geändert, weiter aktiv auf Kanal 11 (2,4 GHz).
17.06.22
20:13:53
WLAN-Autokanal: Aktuelle Erfassung der WLAN-Umgebung (2,4 GHz) zur Optimierung der genutzten WLAN Kanäle läuft, WLAN-Geräte werden daher unter Umständen neu angemeldet.
17.06.22
19:13:55
WLAN-Autokanal: Die Kanaleinstellungen wurden nicht geändert, weiter aktiv auf Kanal 11 (2,4 GHz).
17.06.22
19:13:53
WLAN-Autokanal: Aktuelle Erfassung der WLAN-Umgebung (2,4 GHz) zur Optimierung der genutzten WLAN Kanäle läuft, WLAN-Geräte werden daher unter Umständen neu angemeldet.
17.06.22
18:13:55
WLAN-Autokanal: Die Kanaleinstellungen wurden nicht geändert, weiter aktiv auf Kanal 11 (2,4 GHz).
17.06.22
18:13:53
WLAN-Autokanal: Aktuelle Erfassung der WLAN-Umgebung (2,4 GHz) zur Optimierung der genutzten WLAN Kanäle läuft, WLAN-Geräte werden daher unter Umständen neu angemeldet.
17.06.22
17:13:55
WLAN-Autokanal: Die Kanaleinstellungen wurden nicht geändert, weiter aktiv auf Kanal 11 (2,4 GHz).
17.06.22
17:13:53
WLAN-Autokanal: Aktuelle Erfassung der WLAN-Umgebung (2,4 GHz) zur Optimierung der genutzten WLAN Kanäle läuft, WLAN-Geräte werden daher unter Umständen neu angemeldet.
17.06.22
16:13:55
WLAN-Autokanal: Die Kanaleinstellungen (vorher Kanal 6 (2,4 GHz)) wurden geändert, aktiv auf Kanal 11 (2,4 GHz).
17.06.22
16:13:53
WLAN-Autokanal: Aktuelle Erfassung der WLAN-Umgebung (2,4 GHz) zur Optimierung der genutzten WLAN Kanäle läuft, WLAN-Geräte werden daher unter Umständen neu angemeldet.